

***********************************************************************
Fatal NI connect error 12560, connecting to:
 (DESCRIPTION=(ADDRESS=(PROTOCOL=BEQ)(PROGRAM=oracle)(ARGV0=oracleora10g)(ARGS='(DESCRIPTION=(LOCAL=YES)(ADDRESS=(PROTOCOL=beq)))'))(CONNECT_DATA=(SID=ora10g)(CID=(PROGRAM=F:\oracle\product\10.2.0\db_2\bin\sqlplus.exe)(HOST=MILO)(USER=Administrator))))

  VERSION INFORMATION:
	TNS for 32-bit Windows: Version 10.2.0.1.0 - Production
	Oracle Bequeath NT Protocol Adapter for 32-bit Windows: Version 10.2.0.1.0 - Production
  Time: 06-4月 -2012 14:49:13
  Tracing not turned on.
  Tns error struct:
    ns main err code: 12560
    TNS-12560: TNS: 协议适配器错误
    ns secondary err code: 0
    nt main err code: 530
    TNS-00530: 协议适配器错误
    nt secondary err code: 233
    nt OS err code: 0


***********************************************************************
Fatal NI connect error 12560, connecting to:
 (DESCRIPTION=(ADDRESS=(PROTOCOL=BEQ)(PROGRAM=oracle)(ARGV0=oracleora10g)(ARGS='(DESCRIPTION=(LOCAL=YES)(ADDRESS=(PROTOCOL=beq)))'))(CONNECT_DATA=(SID=ora10g)(CID=(PROGRAM=F:\oracle\product\10.2.0\db_2\bin\sqlplus.exe)(HOST=MILO)(USER=Administrator))))

  VERSION INFORMATION:
	TNS for 32-bit Windows: Version 10.2.0.1.0 - Production
	Oracle Bequeath NT Protocol Adapter for 32-bit Windows: Version 10.2.0.1.0 - Production
  Time: 06-4月 -2012 14:49:15
  Tracing not turned on.
  Tns error struct:
    ns main err code: 12560
    TNS-12560: TNS: 协议适配器错误
    ns secondary err code: 0
    nt main err code: 530
    TNS-00530: 协议适配器错误
    nt secondary err code: 233
    nt OS err code: 0


***********************************************************************
Fatal NI connect error 12560, connecting to:
 (DESCRIPTION=(ADDRESS=(PROTOCOL=BEQ)(PROGRAM=oracle)(ARGV0=oracleora10g)(ARGS='(DESCRIPTION=(LOCAL=YES)(ADDRESS=(PROTOCOL=beq)))'))(CONNECT_DATA=(SID=ora10g)(CID=(PROGRAM=F:\oracle\product\10.2.0\db_2\bin\sqlplus.exe)(HOST=MILO)(USER=Administrator))))

  VERSION INFORMATION:
	TNS for 32-bit Windows: Version 10.2.0.1.0 - Production
	Oracle Bequeath NT Protocol Adapter for 32-bit Windows: Version 10.2.0.1.0 - Production
  Time: 06-4月 -2012 14:49:16
  Tracing not turned on.
  Tns error struct:
    ns main err code: 12560
    TNS-12560: TNS: 协议适配器错误
    ns secondary err code: 0
    nt main err code: 530
    TNS-00530: 协议适配器错误
    nt secondary err code: 233
    nt OS err code: 0
